Compilation of the C compiler identification source "CMakeCCompilerId.c" did not produce an executable in "/Users/dmitry/CLionProjects/anal_mic_rel/cmake-build-debug/CMakeFiles/3.16.5/CompilerIdC".

Compiling the C compiler identification source file "CMakeCCompilerId.c" failed.
Compiler: /usr/local/Cellar/gcc/9.3.0_1/bin/cpp-9 
Build flags: 
Id flags: -c 

The output was:
1
cpp-9: fatal error: '-c' is not a valid option to the preprocessor
compilation terminated.


Compiling the C compiler identification source file "CMakeCCompilerId.c" failed.
Compiler: /usr/local/Cellar/gcc/9.3.0_1/bin/cpp-9 
Build flags: 
Id flags: -Aa 

The output was:
1
<command-line>: error: missing '(' after predicate
# 1 "CMakeCCompilerId.c"
# 1 "<built-in>"
# 1 "<command-line>"
# 1 "CMakeCCompilerId.c"
# 321 "CMakeCCompilerId.c"
char const* info_compiler = "INFO" ":" "compiler[" "GNU" "]";
# 567 "CMakeCCompilerId.c"
char const info_version[] = {
  'I', 'N', 'F', 'O', ':',
  'c','o','m','p','i','l','e','r','_','v','e','r','s','i','o','n','[',
  ('0' + (((9) / 10000000)%10)), ('0' + (((9) / 1000000)%10)), ('0' + (((9) / 100000)%10)), ('0' + (((9) / 10000)%10)), ('0' + (((9) / 1000)%10)), ('0' + (((9) / 100)%10)), ('0' + (((9) / 10)%10)), ('0' + ((9) % 10)),

  '.', ('0' + (((3) / 10000000)%10)), ('0' + (((3) / 1000000)%10)), ('0' + (((3) / 100000)%10)), ('0' + (((3) / 10000)%10)), ('0' + (((3) / 1000)%10)), ('0' + (((3) / 100)%10)), ('0' + (((3) / 10)%10)), ('0' + ((3) % 10)),

   '.', ('0' + (((0) / 10000000)%10)), ('0' + (((0) / 1000000)%10)), ('0' + (((0) / 100000)%10)), ('0' + (((0) / 10000)%10)), ('0' + (((0) / 1000)%10)), ('0' + (((0) / 100)%10)), ('0' + (((0) / 10)%10)), ('0' + ((0) % 10)),





  ']','\0'};
# 614 "CMakeCCompilerId.c"
char const* info_platform = "INFO" ":" "platform[" "Darwin" "]";
char const* info_arch = "INFO" ":" "arch[" "]";
# 634 "CMakeCCompilerId.c"
const char* info_language_dialect_default =
  "INFO" ":" "dialect_default[" "11" "]";
# 645 "CMakeCCompilerId.c"
int main(int argc, char* argv[])

{
  int require = 0;
  require += info_compiler[argc];
  require += info_platform[argc];
  require += info_arch[argc];

  require += info_version[argc];
# 667 "CMakeCCompilerId.c"
  require += info_language_dialect_default[argc];
  (void)argv;
  return require;
}


Compilation of the C compiler identification source "CMakeCCompilerId.c" did not produce an executable in "/Users/dmitry/CLionProjects/anal_mic_rel/cmake-build-debug/CMakeFiles/3.16.5/CompilerIdC".

Compiling the C compiler identification source file "CMakeCCompilerId.c" failed.
Compiler: /usr/local/Cellar/gcc/9.3.0_1/bin/cpp-9 
Build flags: 
Id flags: --target=arm-arm-none-eabi;-mcpu=cortex-m3 

The output was:
1
cpp-9: warning: '-mcpu=' is deprecated; use '-mtune=' or '-march=' instead
cpp-9: error: unrecognized command line option '--target=arm-arm-none-eabi'


Compilation of the C compiler identification source "CMakeCCompilerId.c" did not produce an executable in "/Users/dmitry/CLionProjects/anal_mic_rel/cmake-build-debug/CMakeFiles/3.16.5/CompilerIdC".

Compiling the C compiler identification source file "CMakeCCompilerId.c" failed.
Compiler: /usr/local/Cellar/gcc/9.3.0_1/bin/cpp-9 
Build flags: 
Id flags: -c 

The output was:
1
cpp-9: fatal error: '-c' is not a valid option to the preprocessor
compilation terminated.


Compiling the C compiler identification source file "CMakeCCompilerId.c" failed.
Compiler: /usr/local/Cellar/gcc/9.3.0_1/bin/cpp-9 
Build flags: 
Id flags: -Aa 

The output was:
1
<command-line>: error: missing '(' after predicate
# 1 "CMakeCCompilerId.c"
# 1 "<built-in>"
# 1 "<command-line>"
# 1 "CMakeCCompilerId.c"
# 321 "CMakeCCompilerId.c"
char const* info_compiler = "INFO" ":" "compiler[" "GNU" "]";
# 567 "CMakeCCompilerId.c"
char const info_version[] = {
  'I', 'N', 'F', 'O', ':',
  'c','o','m','p','i','l','e','r','_','v','e','r','s','i','o','n','[',
  ('0' + (((9) / 10000000)%10)), ('0' + (((9) / 1000000)%10)), ('0' + (((9) / 100000)%10)), ('0' + (((9) / 10000)%10)), ('0' + (((9) / 1000)%10)), ('0' + (((9) / 100)%10)), ('0' + (((9) / 10)%10)), ('0' + ((9) % 10)),

  '.', ('0' + (((3) / 10000000)%10)), ('0' + (((3) / 1000000)%10)), ('0' + (((3) / 100000)%10)), ('0' + (((3) / 10000)%10)), ('0' + (((3) / 1000)%10)), ('0' + (((3) / 100)%10)), ('0' + (((3) / 10)%10)), ('0' + ((3) % 10)),

   '.', ('0' + (((0) / 10000000)%10)), ('0' + (((0) / 1000000)%10)), ('0' + (((0) / 100000)%10)), ('0' + (((0) / 10000)%10)), ('0' + (((0) / 1000)%10)), ('0' + (((0) / 100)%10)), ('0' + (((0) / 10)%10)), ('0' + ((0) % 10)),





  ']','\0'};
# 614 "CMakeCCompilerId.c"
char const* info_platform = "INFO" ":" "platform[" "Darwin" "]";
char const* info_arch = "INFO" ":" "arch[" "]";
# 634 "CMakeCCompilerId.c"
const char* info_language_dialect_default =
  "INFO" ":" "dialect_default[" "11" "]";
# 645 "CMakeCCompilerId.c"
int main(int argc, char* argv[])

{
  int require = 0;
  require += info_compiler[argc];
  require += info_platform[argc];
  require += info_arch[argc];

  require += info_version[argc];
# 667 "CMakeCCompilerId.c"
  require += info_language_dialect_default[argc];
  (void)argv;
  return require;
}


Compilation of the C compiler identification source "CMakeCCompilerId.c" did not produce an executable in "/Users/dmitry/CLionProjects/anal_mic_rel/cmake-build-debug/CMakeFiles/3.16.5/CompilerIdC".

Compiling the C compiler identification source file "CMakeCCompilerId.c" failed.
Compiler: /usr/local/Cellar/gcc/9.3.0_1/bin/cpp-9 
Build flags: 
Id flags: --target=arm-arm-none-eabi;-mcpu=cortex-m3 

The output was:
1
cpp-9: warning: '-mcpu=' is deprecated; use '-mtune=' or '-march=' instead
cpp-9: error: unrecognized command line option '--target=arm-arm-none-eabi'


Checking whether the C compiler is IAR using "" did not match "IAR .+ Compiler":
# 1 "<stdin>"
# 1 "<built-in>"
# 1 "<command-line>"
# 1 "<stdin>"
Checking whether the C compiler is IAR using "" did not match "IAR .+ Compiler":
# 1 "<stdin>"
# 1 "<built-in>"
# 1 "<command-line>"
# 1 "<stdin>"
